C:\Users\Alessandro\Source\Repos\MusicInside\MusicInside\music-inside\src\app\modules\music-player\components\player\player.js
C:\Users\Alessandro\Source\Repos\MusicInside\MusicInside\music-inside\src\app\modules\music-player\components\player\player.js.map
C:\Users\Alessandro\Source\Repos\MusicInside\MusicInside\music-inside\src\app\modules\music-player\components\player\player.js
C:\Users\Alessandro\Source\Repos\MusicInside\MusicInside\music-inside\src\app\modules\music-player\components\player\player.js.map
C:\Users\Alessandro\Source\Repos\MusicInside\MusicInside\music-inside\src\app\modules\music-player\components\player\player.js
C:\Users\Alessandro\Source\Repos\MusicInside\MusicInside\music-inside\src\app\modules\music-player\components\player\player.js.map
C:\Users\Alessandro\Source\Repos\MusicInside\MusicInside\music-inside\src\app\modules\music-player\components\player\player.js
C:\Users\Alessandro\Source\Repos\MusicInside\MusicInside\music-inside\src\app\modules\music-player\components\player\player.js.map
C:\Users\Alessandro\Source\Repos\MusicInside\MusicInside\music-inside\src\app\modules\music-player\components\player\player.js
C:\Users\Alessandro\Source\Repos\MusicInside\MusicInside\music-inside\src\app\modules\music-player\components\player\player.js.map
C:\Users\Alessandro\Source\Repos\MusicInside\MusicInside\music-inside\src\app\app-routing.module.js
C:\Users\Alessandro\Source\Repos\MusicInside\MusicInside\music-inside\src\app\app-routing.module.js.map
C:\Users\Alessandro\Source\Repos\MusicInside\MusicInside\music-inside\src\app\modules\music-player\components\player\player.js
C:\Users\Alessandro\Source\Repos\MusicInside\MusicInside\music-inside\src\app\modules\music-player\components\player\player.js.map
C:\Users\Alessandro\Source\Repos\MusicInside\MusicInside\music-inside\src\app\modules\music-player\components\player\player.js
C:\Users\Alessandro\Source\Repos\MusicInside\MusicInside\music-inside\src\app\modules\music-player\components\player\player.js.map
C:\Users\Alessandro\Source\Repos\MusicInside\MusicInside\music-inside\src\app\modules\music-player\components\player\player.js
C:\Users\Alessandro\Source\Repos\MusicInside\MusicInside\music-inside\src\app\modules\music-player\components\player\player.js.map
C:\Users\Alessandro\Source\Repos\MusicInside\MusicInside\music-inside\src\app\shared\song-tile.model.js
C:\Users\Alessandro\Source\Repos\MusicInside\MusicInside\music-inside\src\app\shared\song-tile.model.js.map
C:\Users\Alessandro\Source\Repos\MusicInside\MusicInside\music-inside\src\app\modules\music-player\components\player\player.js
C:\Users\Alessandro\Source\Repos\MusicInside\MusicInside\music-inside\src\app\modules\music-player\components\player\player.js.map
C:\Users\Alessandro\Source\Repos\MusicInside\MusicInside\music-inside\src\app\shared\song-tile.model.js
C:\Users\Alessandro\Source\Repos\MusicInside\MusicInside\music-inside\src\app\shared\song-tile.model.js.map
