C:\Users\Alessandro\Source\Repos\MusicInside\MusicInside\music-inside\dist\out-tsc\src\app\app.component.js
C:\Users\Alessandro\Source\Repos\MusicInside\MusicInside\music-inside\dist\out-tsc\src\app\app.component.js.map
C:\Users\Alessandro\Source\Repos\MusicInside\MusicInside\music-inside\dist\out-tsc\src\app\app.module.js
C:\Users\Alessandro\Source\Repos\MusicInside\MusicInside\music-inside\dist\out-tsc\src\app\app.module.js.map
C:\Users\Alessandro\Source\Repos\MusicInside\MusicInside\music-inside\dist\out-tsc\src\environments\environment.js
C:\Users\Alessandro\Source\Repos\MusicInside\MusicInside\music-inside\dist\out-tsc\src\environments\environment.js.map
C:\Users\Alessandro\Source\Repos\MusicInside\MusicInside\music-inside\dist\out-tsc\src\main.js
C:\Users\Alessandro\Source\Repos\MusicInside\MusicInside\music-inside\dist\out-tsc\src\main.js.map
C:\Users\Alessandro\Source\Repos\MusicInside\MusicInside\music-inside\dist\out-tsc\src\polyfills.js
C:\Users\Alessandro\Source\Repos\MusicInside\MusicInside\music-inside\dist\out-tsc\src\polyfills.js.map
C:\Users\Alessandro\Source\Repos\MusicInside\MusicInside\music-inside\dist\out-tsc\src\test.js
C:\Users\Alessandro\Source\Repos\MusicInside\MusicInside\music-inside\dist\out-tsc\src\test.js.map
C:\Users\Alessandro\Source\Repos\MusicInside\MusicInside\music-inside\dist\out-tsc\src\environments\environment.prod.js
C:\Users\Alessandro\Source\Repos\MusicInside\MusicInside\music-inside\dist\out-tsc\src\environments\environment.prod.js.map
C:\Users\Alessandro\Source\Repos\MusicInside\MusicInside\music-inside\dist\out-tsc\src\app\app.component.spec.js
C:\Users\Alessandro\Source\Repos\MusicInside\MusicInside\music-inside\dist\out-tsc\src\app\app.component.spec.js.map
C:\Users\Alessandro\Source\Repos\MusicInside\MusicInside\music-inside\dist\out-tsc\e2e\src\app.po.js
C:\Users\Alessandro\Source\Repos\MusicInside\MusicInside\music-inside\dist\out-tsc\e2e\src\app.po.js.map
C:\Users\Alessandro\Source\Repos\MusicInside\MusicInside\music-inside\dist\out-tsc\e2e\src\app.e2e-spec.js
C:\Users\Alessandro\Source\Repos\MusicInside\MusicInside\music-inside\dist\out-tsc\e2e\src\app.e2e-spec.js.map
C:\Users\Alessandro\Source\Repos\MusicInside\MusicInside\music-inside\dist\out-tsc\src\app\app.component.js
C:\Users\Alessandro\Source\Repos\MusicInside\MusicInside\music-inside\dist\out-tsc\src\app\app.component.js.map
C:\Users\Alessandro\Source\Repos\MusicInside\MusicInside\music-inside\dist\out-tsc\src\app\app.module.js
C:\Users\Alessandro\Source\Repos\MusicInside\MusicInside\music-inside\dist\out-tsc\src\app\app.module.js.map
C:\Users\Alessandro\Source\Repos\MusicInside\MusicInside\music-inside\dist\out-tsc\src\environments\environment.js
C:\Users\Alessandro\Source\Repos\MusicInside\MusicInside\music-inside\dist\out-tsc\src\environments\environment.js.map
C:\Users\Alessandro\Source\Repos\MusicInside\MusicInside\music-inside\dist\out-tsc\src\main.js
C:\Users\Alessandro\Source\Repos\MusicInside\MusicInside\music-inside\dist\out-tsc\src\main.js.map
C:\Users\Alessandro\Source\Repos\MusicInside\MusicInside\music-inside\dist\out-tsc\src\polyfills.js
C:\Users\Alessandro\Source\Repos\MusicInside\MusicInside\music-inside\dist\out-tsc\src\polyfills.js.map
C:\Users\Alessandro\Source\Repos\MusicInside\MusicInside\music-inside\dist\out-tsc\src\test.js
C:\Users\Alessandro\Source\Repos\MusicInside\MusicInside\music-inside\dist\out-tsc\src\test.js.map
C:\Users\Alessandro\Source\Repos\MusicInside\MusicInside\music-inside\dist\out-tsc\src\environments\environment.prod.js
C:\Users\Alessandro\Source\Repos\MusicInside\MusicInside\music-inside\dist\out-tsc\src\environments\environment.prod.js.map
C:\Users\Alessandro\Source\Repos\MusicInside\MusicInside\music-inside\dist\out-tsc\src\app\app.component.spec.js
C:\Users\Alessandro\Source\Repos\MusicInside\MusicInside\music-inside\dist\out-tsc\src\app\app.component.spec.js.map
C:\Users\Alessandro\Source\Repos\MusicInside\MusicInside\music-inside\dist\out-tsc\e2e\src\app.po.js
C:\Users\Alessandro\Source\Repos\MusicInside\MusicInside\music-inside\dist\out-tsc\e2e\src\app.po.js.map
C:\Users\Alessandro\Source\Repos\MusicInside\MusicInside\music-inside\dist\out-tsc\e2e\src\app.e2e-spec.js
C:\Users\Alessandro\Source\Repos\MusicInside\MusicInside\music-inside\dist\out-tsc\e2e\src\app.e2e-spec.js.map
C:\Users\Alessandro\Source\Repos\MusicInside\MusicInside\music-inside\dist\out-tsc\src\app\app.component.js
C:\Users\Alessandro\Source\Repos\MusicInside\MusicInside\music-inside\dist\out-tsc\src\app\app.component.js.map
C:\Users\Alessandro\Source\Repos\MusicInside\MusicInside\music-inside\dist\out-tsc\src\app\app.module.js
C:\Users\Alessandro\Source\Repos\MusicInside\MusicInside\music-inside\dist\out-tsc\src\app\app.module.js.map
C:\Users\Alessandro\Source\Repos\MusicInside\MusicInside\music-inside\dist\out-tsc\src\environments\environment.js
C:\Users\Alessandro\Source\Repos\MusicInside\MusicInside\music-inside\dist\out-tsc\src\environments\environment.js.map
C:\Users\Alessandro\Source\Repos\MusicInside\MusicInside\music-inside\dist\out-tsc\src\main.js
C:\Users\Alessandro\Source\Repos\MusicInside\MusicInside\music-inside\dist\out-tsc\src\main.js.map
C:\Users\Alessandro\Source\Repos\MusicInside\MusicInside\music-inside\dist\out-tsc\src\polyfills.js
C:\Users\Alessandro\Source\Repos\MusicInside\MusicInside\music-inside\dist\out-tsc\src\polyfills.js.map
C:\Users\Alessandro\Source\Repos\MusicInside\MusicInside\music-inside\dist\out-tsc\src\test.js
C:\Users\Alessandro\Source\Repos\MusicInside\MusicInside\music-inside\dist\out-tsc\src\test.js.map
C:\Users\Alessandro\Source\Repos\MusicInside\MusicInside\music-inside\dist\out-tsc\src\environments\environment.prod.js
C:\Users\Alessandro\Source\Repos\MusicInside\MusicInside\music-inside\dist\out-tsc\src\environments\environment.prod.js.map
C:\Users\Alessandro\Source\Repos\MusicInside\MusicInside\music-inside\dist\out-tsc\src\app\app.component.spec.js
C:\Users\Alessandro\Source\Repos\MusicInside\MusicInside\music-inside\dist\out-tsc\src\app\app.component.spec.js.map
C:\Users\Alessandro\Source\Repos\MusicInside\MusicInside\music-inside\dist\out-tsc\e2e\src\app.po.js
C:\Users\Alessandro\Source\Repos\MusicInside\MusicInside\music-inside\dist\out-tsc\e2e\src\app.po.js.map
C:\Users\Alessandro\Source\Repos\MusicInside\MusicInside\music-inside\dist\out-tsc\e2e\src\app.e2e-spec.js
C:\Users\Alessandro\Source\Repos\MusicInside\MusicInside\music-inside\dist\out-tsc\e2e\src\app.e2e-spec.js.map
C:\Users\Alessandro\Source\Repos\MusicInside\MusicInside\music-inside\dist\out-tsc\src\app\app.component.js
C:\Users\Alessandro\Source\Repos\MusicInside\MusicInside\music-inside\dist\out-tsc\src\app\app.component.js.map
C:\Users\Alessandro\Source\Repos\MusicInside\MusicInside\music-inside\dist\out-tsc\src\app\app.module.js
C:\Users\Alessandro\Source\Repos\MusicInside\MusicInside\music-inside\dist\out-tsc\src\app\app.module.js.map
C:\Users\Alessandro\Source\Repos\MusicInside\MusicInside\music-inside\dist\out-tsc\src\environments\environment.js
C:\Users\Alessandro\Source\Repos\MusicInside\MusicInside\music-inside\dist\out-tsc\src\environments\environment.js.map
C:\Users\Alessandro\Source\Repos\MusicInside\MusicInside\music-inside\dist\out-tsc\src\main.js
C:\Users\Alessandro\Source\Repos\MusicInside\MusicInside\music-inside\dist\out-tsc\src\main.js.map
C:\Users\Alessandro\Source\Repos\MusicInside\MusicInside\music-inside\dist\out-tsc\src\polyfills.js
C:\Users\Alessandro\Source\Repos\MusicInside\MusicInside\music-inside\dist\out-tsc\src\polyfills.js.map
C:\Users\Alessandro\Source\Repos\MusicInside\MusicInside\music-inside\dist\out-tsc\src\test.js
C:\Users\Alessandro\Source\Repos\MusicInside\MusicInside\music-inside\dist\out-tsc\src\test.js.map
C:\Users\Alessandro\Source\Repos\MusicInside\MusicInside\music-inside\dist\out-tsc\src\environments\environment.prod.js
C:\Users\Alessandro\Source\Repos\MusicInside\MusicInside\music-inside\dist\out-tsc\src\environments\environment.prod.js.map
C:\Users\Alessandro\Source\Repos\MusicInside\MusicInside\music-inside\dist\out-tsc\src\app\app.component.spec.js
C:\Users\Alessandro\Source\Repos\MusicInside\MusicInside\music-inside\dist\out-tsc\src\app\app.component.spec.js.map
C:\Users\Alessandro\Source\Repos\MusicInside\MusicInside\music-inside\dist\out-tsc\e2e\src\app.po.js
C:\Users\Alessandro\Source\Repos\MusicInside\MusicInside\music-inside\dist\out-tsc\e2e\src\app.po.js.map
C:\Users\Alessandro\Source\Repos\MusicInside\MusicInside\music-inside\dist\out-tsc\e2e\src\app.e2e-spec.js
C:\Users\Alessandro\Source\Repos\MusicInside\MusicInside\music-inside\dist\out-tsc\e2e\src\app.e2e-spec.js.map
C:\Users\Alessandro\Source\Repos\MusicInside\MusicInside\music-inside\dist\out-tsc\src\app\app.component.js
C:\Users\Alessandro\Source\Repos\MusicInside\MusicInside\music-inside\dist\out-tsc\src\app\app.component.js.map
C:\Users\Alessandro\Source\Repos\MusicInside\MusicInside\music-inside\dist\out-tsc\src\app\app.module.js
C:\Users\Alessandro\Source\Repos\MusicInside\MusicInside\music-inside\dist\out-tsc\src\app\app.module.js.map
C:\Users\Alessandro\Source\Repos\MusicInside\MusicInside\music-inside\dist\out-tsc\src\environments\environment.js
C:\Users\Alessandro\Source\Repos\MusicInside\MusicInside\music-inside\dist\out-tsc\src\environments\environment.js.map
C:\Users\Alessandro\Source\Repos\MusicInside\MusicInside\music-inside\dist\out-tsc\src\main.js
C:\Users\Alessandro\Source\Repos\MusicInside\MusicInside\music-inside\dist\out-tsc\src\main.js.map
C:\Users\Alessandro\Source\Repos\MusicInside\MusicInside\music-inside\dist\out-tsc\src\polyfills.js
C:\Users\Alessandro\Source\Repos\MusicInside\MusicInside\music-inside\dist\out-tsc\src\polyfills.js.map
C:\Users\Alessandro\Source\Repos\MusicInside\MusicInside\music-inside\dist\out-tsc\src\test.js
C:\Users\Alessandro\Source\Repos\MusicInside\MusicInside\music-inside\dist\out-tsc\src\test.js.map
C:\Users\Alessandro\Source\Repos\MusicInside\MusicInside\music-inside\dist\out-tsc\src\environments\environment.prod.js
C:\Users\Alessandro\Source\Repos\MusicInside\MusicInside\music-inside\dist\out-tsc\src\environments\environment.prod.js.map
C:\Users\Alessandro\Source\Repos\MusicInside\MusicInside\music-inside\dist\out-tsc\src\app\app.component.spec.js
C:\Users\Alessandro\Source\Repos\MusicInside\MusicInside\music-inside\dist\out-tsc\src\app\app.component.spec.js.map
C:\Users\Alessandro\Source\Repos\MusicInside\MusicInside\music-inside\dist\out-tsc\e2e\src\app.po.js
C:\Users\Alessandro\Source\Repos\MusicInside\MusicInside\music-inside\dist\out-tsc\e2e\src\app.po.js.map
C:\Users\Alessandro\Source\Repos\MusicInside\MusicInside\music-inside\dist\out-tsc\e2e\src\app.e2e-spec.js
C:\Users\Alessandro\Source\Repos\MusicInside\MusicInside\music-inside\dist\out-tsc\e2e\src\app.e2e-spec.js.map
C:\Users\Alessandro\Source\Repos\MusicInside\MusicInside\music-inside\dist\out-tsc\src\app\app.component.js
C:\Users\Alessandro\Source\Repos\MusicInside\MusicInside\music-inside\dist\out-tsc\src\app\app.component.js.map
C:\Users\Alessandro\Source\Repos\MusicInside\MusicInside\music-inside\dist\out-tsc\src\app\app.module.js
C:\Users\Alessandro\Source\Repos\MusicInside\MusicInside\music-inside\dist\out-tsc\src\app\app.module.js.map
C:\Users\Alessandro\Source\Repos\MusicInside\MusicInside\music-inside\dist\out-tsc\src\environments\environment.js
C:\Users\Alessandro\Source\Repos\MusicInside\MusicInside\music-inside\dist\out-tsc\src\environments\environment.js.map
C:\Users\Alessandro\Source\Repos\MusicInside\MusicInside\music-inside\dist\out-tsc\src\main.js
C:\Users\Alessandro\Source\Repos\MusicInside\MusicInside\music-inside\dist\out-tsc\src\main.js.map
C:\Users\Alessandro\Source\Repos\MusicInside\MusicInside\music-inside\dist\out-tsc\src\polyfills.js
C:\Users\Alessandro\Source\Repos\MusicInside\MusicInside\music-inside\dist\out-tsc\src\polyfills.js.map
C:\Users\Alessandro\Source\Repos\MusicInside\MusicInside\music-inside\dist\out-tsc\src\test.js
C:\Users\Alessandro\Source\Repos\MusicInside\MusicInside\music-inside\dist\out-tsc\src\test.js.map
C:\Users\Alessandro\Source\Repos\MusicInside\MusicInside\music-inside\dist\out-tsc\src\environments\environment.prod.js
C:\Users\Alessandro\Source\Repos\MusicInside\MusicInside\music-inside\dist\out-tsc\src\environments\environment.prod.js.map
C:\Users\Alessandro\Source\Repos\MusicInside\MusicInside\music-inside\dist\out-tsc\src\app\app.component.spec.js
C:\Users\Alessandro\Source\Repos\MusicInside\MusicInside\music-inside\dist\out-tsc\src\app\app.component.spec.js.map
C:\Users\Alessandro\Source\Repos\MusicInside\MusicInside\music-inside\dist\out-tsc\e2e\src\app.po.js
C:\Users\Alessandro\Source\Repos\MusicInside\MusicInside\music-inside\dist\out-tsc\e2e\src\app.po.js.map
C:\Users\Alessandro\Source\Repos\MusicInside\MusicInside\music-inside\dist\out-tsc\e2e\src\app.e2e-spec.js
C:\Users\Alessandro\Source\Repos\MusicInside\MusicInside\music-inside\dist\out-tsc\e2e\src\app.e2e-spec.js.map
C:\Users\Alessandro\Source\Repos\MusicInside\MusicInside\music-inside\dist\out-tsc\src\app\app.component.js
C:\Users\Alessandro\Source\Repos\MusicInside\MusicInside\music-inside\dist\out-tsc\src\app\app.component.js.map
C:\Users\Alessandro\Source\Repos\MusicInside\MusicInside\music-inside\dist\out-tsc\src\app\app.module.js
C:\Users\Alessandro\Source\Repos\MusicInside\MusicInside\music-inside\dist\out-tsc\src\app\app.module.js.map
C:\Users\Alessandro\Source\Repos\MusicInside\MusicInside\music-inside\dist\out-tsc\src\environments\environment.js
C:\Users\Alessandro\Source\Repos\MusicInside\MusicInside\music-inside\dist\out-tsc\src\environments\environment.js.map
C:\Users\Alessandro\Source\Repos\MusicInside\MusicInside\music-inside\dist\out-tsc\src\main.js
C:\Users\Alessandro\Source\Repos\MusicInside\MusicInside\music-inside\dist\out-tsc\src\main.js.map
C:\Users\Alessandro\Source\Repos\MusicInside\MusicInside\music-inside\dist\out-tsc\src\polyfills.js
C:\Users\Alessandro\Source\Repos\MusicInside\MusicInside\music-inside\dist\out-tsc\src\polyfills.js.map
C:\Users\Alessandro\Source\Repos\MusicInside\MusicInside\music-inside\dist\out-tsc\src\test.js
C:\Users\Alessandro\Source\Repos\MusicInside\MusicInside\music-inside\dist\out-tsc\src\test.js.map
C:\Users\Alessandro\Source\Repos\MusicInside\MusicInside\music-inside\dist\out-tsc\src\environments\environment.prod.js
C:\Users\Alessandro\Source\Repos\MusicInside\MusicInside\music-inside\dist\out-tsc\src\environments\environment.prod.js.map
C:\Users\Alessandro\Source\Repos\MusicInside\MusicInside\music-inside\dist\out-tsc\src\app\app.component.spec.js
C:\Users\Alessandro\Source\Repos\MusicInside\MusicInside\music-inside\dist\out-tsc\src\app\app.component.spec.js.map
C:\Users\Alessandro\Source\Repos\MusicInside\MusicInside\music-inside\dist\out-tsc\e2e\src\app.po.js
C:\Users\Alessandro\Source\Repos\MusicInside\MusicInside\music-inside\dist\out-tsc\e2e\src\app.po.js.map
C:\Users\Alessandro\Source\Repos\MusicInside\MusicInside\music-inside\dist\out-tsc\e2e\src\app.e2e-spec.js
C:\Users\Alessandro\Source\Repos\MusicInside\MusicInside\music-inside\dist\out-tsc\e2e\src\app.e2e-spec.js.map
C:\Users\Alessandro\Source\Repos\MusicInside\MusicInside\music-inside\dist\out-tsc\src\app\app.component.js
C:\Users\Alessandro\Source\Repos\MusicInside\MusicInside\music-inside\dist\out-tsc\src\app\app.component.js.map
C:\Users\Alessandro\Source\Repos\MusicInside\MusicInside\music-inside\dist\out-tsc\src\app\app.module.js
C:\Users\Alessandro\Source\Repos\MusicInside\MusicInside\music-inside\dist\out-tsc\src\app\app.module.js.map
C:\Users\Alessandro\Source\Repos\MusicInside\MusicInside\music-inside\dist\out-tsc\src\environments\environment.js
C:\Users\Alessandro\Source\Repos\MusicInside\MusicInside\music-inside\dist\out-tsc\src\environments\environment.js.map
C:\Users\Alessandro\Source\Repos\MusicInside\MusicInside\music-inside\dist\out-tsc\src\main.js
C:\Users\Alessandro\Source\Repos\MusicInside\MusicInside\music-inside\dist\out-tsc\src\main.js.map
C:\Users\Alessandro\Source\Repos\MusicInside\MusicInside\music-inside\dist\out-tsc\src\polyfills.js
C:\Users\Alessandro\Source\Repos\MusicInside\MusicInside\music-inside\dist\out-tsc\src\polyfills.js.map
C:\Users\Alessandro\Source\Repos\MusicInside\MusicInside\music-inside\dist\out-tsc\src\test.js
C:\Users\Alessandro\Source\Repos\MusicInside\MusicInside\music-inside\dist\out-tsc\src\test.js.map
C:\Users\Alessandro\Source\Repos\MusicInside\MusicInside\music-inside\dist\out-tsc\src\environments\environment.prod.js
C:\Users\Alessandro\Source\Repos\MusicInside\MusicInside\music-inside\dist\out-tsc\src\environments\environment.prod.js.map
C:\Users\Alessandro\Source\Repos\MusicInside\MusicInside\music-inside\dist\out-tsc\src\app\app.component.spec.js
C:\Users\Alessandro\Source\Repos\MusicInside\MusicInside\music-inside\dist\out-tsc\src\app\app.component.spec.js.map
C:\Users\Alessandro\Source\Repos\MusicInside\MusicInside\music-inside\dist\out-tsc\e2e\src\app.po.js
C:\Users\Alessandro\Source\Repos\MusicInside\MusicInside\music-inside\dist\out-tsc\e2e\src\app.po.js.map
C:\Users\Alessandro\Source\Repos\MusicInside\MusicInside\music-inside\dist\out-tsc\e2e\src\app.e2e-spec.js
C:\Users\Alessandro\Source\Repos\MusicInside\MusicInside\music-inside\dist\out-tsc\e2e\src\app.e2e-spec.js.map
C:\Users\Alessandro\Source\Repos\MusicInside\MusicInside\music-inside\src\app\modules\music-player\components\player\player.js
C:\Users\Alessandro\Source\Repos\MusicInside\MusicInside\music-inside\src\app\modules\music-player\components\player\player.js.map
